.title "Egzemplarze - księga inwentarzowa"
.category "Cataloging"
.layout labels title="Labels"
.column copyid hidden
.column bibid hidden
.column barcode_nmbr title="BARCODE (Nr inwentarzowy)" sort=barcode_nmbr
.column callno title="Call Num."
.column author title="Autor Pozycji"
.column title func=biblio_link title=Title sort=title
.column price title="Cena egzemplarza w zł"
.column collection title="Rodzaj"
.parameters
.	string barcode title="Nr inwentarzowy zaczyna się"
.	string barcodes title="Lista nr inwentarzowych (spaced)"
.       select collection title="Rodzaj kolekcji"
.               item ""
.               sql
                        select coll.code as value, coll.description as title from collection_dm coll
.               end sql
.       end select
.	date newer title="Newer than (Date or today)"
.	order_by default=barcode_nmbr
.		item barcode_nmbr title="Nr inwentarzowy"
.		item title title="Title"
.	end order_by
.end parameters

.sql
	select c.*, concat_ws(' ', b.call_nmbr1, b.call_nmbr2, b.call_nmbr3) callno,
		b.title, b.author, coll.description collection
	from biblio_copy c, biblio b, collection_dm coll
	where b.bibid=c.bibid and coll.code=b.collection_cd
.	if_set barcode
		and c.barcode_nmbr like '%"barcode%%%'
.	end if_set
.	if_set barcodes
		and (0=1
.		foreach_word barcodes
			or c.barcode_nmbr=%barcodes%
.		end foreach_word
		)
.	end if_set
.	if_set newer
		and c.create_dt >= %newer%
.	end if_set
.	order_by_expr
.end sql
